  test.cpp
c:\users\александр сергеевич\desktop\проекты\ооп (4 семестр)\лабораторная работа №1\лабораторная 1\carray.h(27): warning C4290: спецификация исключений C++ игнорируется, кроме случая, когда указывается, что функция не является __declspec(nothrow)
  c:\users\александр сергеевич\desktop\проекты\ооп (4 семестр)\лабораторная работа №1\лабораторная 1\carray.h(74): note: см. ссылку на создание экземпляров класса шаблон при компиляции "cArray<ElemType>"
c:\users\александр сергеевич\desktop\проекты\ооп (4 семестр)\лабораторная работа №1\лабораторная 1\carray.h(56): warning C4290: спецификация исключений C++ игнорируется, кроме случая, когда указывается, что функция не является __declspec(nothrow)
c:\users\александр сергеевич\desktop\проекты\ооп (4 семестр)\лабораторная работа №1\лабораторная 1\carray.h(58): warning C4290: спецификация исключений C++ игнорируется, кроме случая, когда указывается, что функция не является __declspec(nothrow)
c:\users\александр сергеевич\desktop\проекты\ооп (4 семестр)\лабораторная работа №1\лабораторная 1\carray.h(70): warning C4290: спецификация исключений C++ игнорируется, кроме случая, когда указывается, что функция не является __declspec(nothrow)
c:\users\александр сергеевич\desktop\проекты\ооп (4 семестр)\лабораторная работа №1\лабораторная 1\carray.h(72): warning C4290: спецификация исключений C++ игнорируется, кроме случая, когда указывается, что функция не является __declspec(nothrow)
c:\users\александр сергеевич\desktop\проекты\ооп (4 семестр)\лабораторная работа №1\лабораторная 1\carray.h(105): warning C4290: спецификация исключений C++ игнорируется, кроме случая, когда указывается, что функция не является __declspec(nothrow)
c:\users\александр сергеевич\desktop\проекты\ооп (4 семестр)\лабораторная работа №1\лабораторная 1\carray.h(199): warning C4290: спецификация исключений C++ игнорируется, кроме случая, когда указывается, что функция не является __declspec(nothrow)
c:\users\александр сергеевич\desktop\проекты\ооп (4 семестр)\лабораторная работа №1\лабораторная 1\carray.h(210): warning C4290: спецификация исключений C++ игнорируется, кроме случая, когда указывается, что функция не является __declspec(nothrow)
c:\users\александр сергеевич\desktop\проекты\ооп (4 семестр)\лабораторная работа №1\лабораторная 1\carray.h(261): warning C4290: спецификация исключений C++ игнорируется, кроме случая, когда указывается, что функция не является __declspec(nothrow)
c:\users\александр сергеевич\desktop\проекты\ооп (4 семестр)\лабораторная работа №1\лабораторная 1\carray.h(279): warning C4290: спецификация исключений C++ игнорируется, кроме случая, когда указывается, что функция не является __declspec(nothrow)
c:\users\александр сергеевич\desktop\проекты\ооп (4 семестр)\лабораторная работа №1\лабораторная 1\carray.h(238): warning C4244: аргумент: преобразование "float" в "int", возможна потеря данных
  c:\users\александр сергеевич\desktop\проекты\ооп (4 семестр)\лабораторная работа №1\лабораторная 1\carray.h(236): note: при компиляции функции-члена "<Нет данных>" класса <Нет данных>
  c:\users\александр сергеевич\desktop\проекты\ооп (4 семестр)\лабораторная работа №1\лабораторная 1\test.cpp(34): note: см. ссылку на создание экземпляров функции шаблон при компиляции "void cArray<int>::Append(cArray<int> *)"
c:\users\александр сергеевич\desktop\проекты\ооп (4 семестр)\лабораторная работа №1\лабораторная 1\carray.h(251): warning C4244: аргумент: преобразование "float" в "int", возможна потеря данных
  c:\users\александр сергеевич\desktop\проекты\ооп (4 семестр)\лабораторная работа №1\лабораторная 1\carray.h(249): note: при компиляции функции-члена "<Нет данных>" класса <Нет данных>
  c:\users\александр сергеевич\desktop\проекты\ооп (4 семестр)\лабораторная работа №1\лабораторная 1\test.cpp(20): note: см. ссылку на создание экземпляров функции шаблон при компиляции "void cArray<int>::Copy(cArray<int> *)"
  Лабораторная 1.vcxproj -> C:\Users\Александр Сергеевич\Desktop\Проекты\ООП (4 семестр)\Лабораторная работа №1\Debug\Лабораторная 1.exe
  Лабораторная 1.vcxproj -> C:\Users\Александр Сергеевич\Desktop\Проекты\ООП (4 семестр)\Лабораторная работа №1\Debug\Лабораторная 1.pdb (Partial PDB)
